<?xml version="1.0" encoding="UTF-8"?>
<!-- Generated by org.testng.reporters.JUnitXMLReporter -->
<testsuite hostname="LAPTOP-ADF0UDSS" ignored="0" name="XYZ-Bank" tests="5" failures="0" timestamp="2022-12-09T01:15:30 GMT" time="23.828" errors="0">
  <testcase name="bankManagerShouldAddCustomerSuccessfully" time="1.856" classname="com.bank.testsuite.BankTest"/>
  <testcase name="bankManagerShouldOpenAccountSuccessfully" time="1.632" classname="com.bank.testsuite.BankTest"/>
  <testcase name="customerShouldDepositMoneySuccessfully" time="1.862" classname="com.bank.testsuite.BankTest"/>
  <testcase name="customerShouldLoginAndLogoutSuccessfully" time="1.526" classname="com.bank.testsuite.BankTest"/>
  <testcase name="customerShouldWithdrawMoneySuccessfully" time="2.025" classname="com.bank.testsuite.BankTest"/>
</testsuite> <!-- XYZ-Bank -->
