<?xml version="1.0" encoding="UTF-8"?>
<testng-results skipped="0" failed="0" ignored="0" total="5" passed="5">
  <reporter-output>
  </reporter-output>
  <suite name="Default Suite" duration-ms="23828" started-at="2022-12-09T01:15:06 GMT" finished-at="2022-12-09T01:15:30 GMT">
    <groups>
    </groups>
    <test name="XYZ-Bank" duration-ms="23828" started-at="2022-12-09T01:15:06 GMT" finished-at="2022-12-09T01:15:30 GMT">
      <class name="com.bank.testsuite.BankTest">
        <test-method status="PASS" signature="setUp()[pri:0, instance:com.bank.testsuite.BankTest@15d0c81b]" name="setUp" is-config="true" duration-ms="3987" started-at="2022-12-09T01:15:07 GMT" finished-at="2022-12-09T01:15:10 GMT">
          <reporter-output>
          </reporter-output>
        </test-method> <!-- setUp -->
        <test-method status="PASS" signature="bankManagerShouldAddCustomerSuccessfully()[pri:0, instance:com.bank.testsuite.BankTest@15d0c81b]" name="bankManagerShouldAddCustomerSuccessfully" duration-ms="1856" started-at="2022-12-09T01:15:10 GMT" finished-at="2022-12-09T01:15:12 GMT">
          <reporter-output>
          </reporter-output>
        </test-method> <!-- bankManagerShouldAddCustomerSuccessfully -->
        <test-method status="PASS" signature="tearDown()[pri:0, instance:com.bank.testsuite.BankTest@15d0c81b]" name="tearDown" is-config="true" duration-ms="1" started-at="2022-12-09T01:15:12 GMT" finished-at="2022-12-09T01:15:12 GMT">
          <reporter-output>
          </reporter-output>
        </test-method> <!-- tearDown -->
        <test-method status="PASS" signature="setUp()[pri:0, instance:com.bank.testsuite.BankTest@15d0c81b]" name="setUp" is-config="true" duration-ms="2591" started-at="2022-12-09T01:15:12 GMT" finished-at="2022-12-09T01:15:15 GMT">
          <reporter-output>
          </reporter-output>
        </test-method> <!-- setUp -->
        <test-method status="PASS" signature="bankManagerShouldOpenAccountSuccessfully()[pri:0, instance:com.bank.testsuite.BankTest@15d0c81b]" name="bankManagerShouldOpenAccountSuccessfully" duration-ms="1632" started-at="2022-12-09T01:15:15 GMT" finished-at="2022-12-09T01:15:17 GMT">
          <reporter-output>
          </reporter-output>
        </test-method> <!-- bankManagerShouldOpenAccountSuccessfully -->
        <test-method status="PASS" signature="tearDown()[pri:0, instance:com.bank.testsuite.BankTest@15d0c81b]" name="tearDown" is-config="true" duration-ms="1" started-at="2022-12-09T01:15:17 GMT" finished-at="2022-12-09T01:15:17 GMT">
          <reporter-output>
          </reporter-output>
        </test-method> <!-- tearDown -->
        <test-method status="PASS" signature="setUp()[pri:0, instance:com.bank.testsuite.BankTest@15d0c81b]" name="setUp" is-config="true" duration-ms="2582" started-at="2022-12-09T01:15:17 GMT" finished-at="2022-12-09T01:15:19 GMT">
          <reporter-output>
          </reporter-output>
        </test-method> <!-- setUp -->
        <test-method status="PASS" signature="customerShouldDepositMoneySuccessfully()[pri:0, instance:com.bank.testsuite.BankTest@15d0c81b]" name="customerShouldDepositMoneySuccessfully" duration-ms="1862" started-at="2022-12-09T01:15:19 GMT" finished-at="2022-12-09T01:15:21 GMT">
          <reporter-output>
          </reporter-output>
        </test-method> <!-- customerShouldDepositMoneySuccessfully -->
        <test-method status="PASS" signature="tearDown()[pri:0, instance:com.bank.testsuite.BankTest@15d0c81b]" name="tearDown" is-config="true" duration-ms="0" started-at="2022-12-09T01:15:21 GMT" finished-at="2022-12-09T01:15:21 GMT">
          <reporter-output>
          </reporter-output>
        </test-method> <!-- tearDown -->
        <test-method status="PASS" signature="setUp()[pri:0, instance:com.bank.testsuite.BankTest@15d0c81b]" name="setUp" is-config="true" duration-ms="3064" started-at="2022-12-09T01:15:21 GMT" finished-at="2022-12-09T01:15:24 GMT">
          <reporter-output>
          </reporter-output>
        </test-method> <!-- setUp -->
        <test-method status="PASS" signature="customerShouldLoginAndLogoutSuccessfully()[pri:0, instance:com.bank.testsuite.BankTest@15d0c81b]" name="customerShouldLoginAndLogoutSuccessfully" duration-ms="1526" started-at="2022-12-09T01:15:24 GMT" finished-at="2022-12-09T01:15:26 GMT">
          <reporter-output>
          </reporter-output>
        </test-method> <!-- customerShouldLoginAndLogoutSuccessfully -->
        <test-method status="PASS" signature="tearDown()[pri:0, instance:com.bank.testsuite.BankTest@15d0c81b]" name="tearDown" is-config="true" duration-ms="0" started-at="2022-12-09T01:15:26 GMT" finished-at="2022-12-09T01:15:26 GMT">
          <reporter-output>
          </reporter-output>
        </test-method> <!-- tearDown -->
        <test-method status="PASS" signature="setUp()[pri:0, instance:com.bank.testsuite.BankTest@15d0c81b]" name="setUp" is-config="true" duration-ms="2653" started-at="2022-12-09T01:15:26 GMT" finished-at="2022-12-09T01:15:28 GMT">
          <reporter-output>
          </reporter-output>
        </test-method> <!-- setUp -->
        <test-method status="PASS" signature="customerShouldWithdrawMoneySuccessfully()[pri:0, instance:com.bank.testsuite.BankTest@15d0c81b]" name="customerShouldWithdrawMoneySuccessfully" duration-ms="2025" started-at="2022-12-09T01:15:28 GMT" finished-at="2022-12-09T01:15:30 GMT">
          <reporter-output>
          </reporter-output>
        </test-method> <!-- customerShouldWithdrawMoneySuccessfully -->
        <test-method status="PASS" signature="tearDown()[pri:0, instance:com.bank.testsuite.BankTest@15d0c81b]" name="tearDown" is-config="true" duration-ms="0" started-at="2022-12-09T01:15:30 GMT" finished-at="2022-12-09T01:15:30 GMT">
          <reporter-output>
          </reporter-output>
        </test-method> <!-- tearDown -->
      </class> <!-- com.bank.testsuite.BankTest -->
    </test> <!-- XYZ-Bank -->
  </suite> <!-- Default Suite -->
</testng-results>
